<?xml version="1.0" encoding="UTF-8"?>
<!-- Generated by org.testng.reporters.JUnitReportReporter -->
<testsuite hostname="Sachin" failures="0" tests="1" name="com.qa.automation.FirstTest" time="6.486" errors="0" timestamp="2022-06-25T17:10:30 IST" skipped="0">
  <testcase classname="com.qa.automation.FirstTest" name="navigateToGoogle" time="6.486"/>
  <system-out/>
</testsuite> <!-- com.qa.automation.FirstTest -->
