<?xml version="1.0" encoding="UTF-8"?>
<!-- Generated by org.testng.reporters.JUnitReportReporter -->
<testsuite hostname="Sachin" failures="0" tests="1" name="com.qa.automation.FirstTest" time="3.931" errors="0" timestamp="2022-06-26T09:57:58 IST" skipped="0">
  <testcase classname="com.qa.automation.FirstTest" name="navigateToGoogle" time="3.931"/>
  <system-out/>
</testsuite> <!-- com.qa.automation.FirstTest -->
