<?xml version="1.0" encoding="UTF-8"?>
<!-- Generated by org.testng.reporters.JUnitReportReporter -->
<testsuite hostname="Sachin" failures="0" tests="1" name="com.qa.automation.SecondTest" time="13.888" errors="0" timestamp="2022-06-26T09:57:58 IST" skipped="0">
  <testcase classname="com.qa.automation.SecondTest" name="navigateToGoogle" time="13.888"/>
  <system-out/>
</testsuite> <!-- com.qa.automation.SecondTest -->
